<?xml version="1.0" encoding="UTF-8"?>
<testng-results ignored="0" total="1" passed="1" failed="0" skipped="0">
  <reporter-output>
  </reporter-output>
  <suite started-at="2021-11-13T23:35:30 EET" name="Default suite" finished-at="2021-11-13T23:36:20 EET" duration-ms="49989">
    <groups>
    </groups>
    <test started-at="2021-11-13T23:35:30 EET" name="Default test" finished-at="2021-11-13T23:36:20 EET" duration-ms="49989">
      <class name="web.task.thirdTest">
        <test-method is-config="true" signature="launchBrowser()[pri:0, instance:web.task.thirdTest@55b699ef]" started-at="2021-11-13T23:35:31 EET" name="launchBrowser" finished-at="2021-11-13T23:36:04 EET" duration-ms="33745" status="PASS">
          <reporter-output>
          </reporter-output>
        </test-method> <!-- launchBrowser -->
        <test-method signature="LOADing()[pri:0, instance:web.task.thirdTest@55b699ef]" started-at="2021-11-13T23:36:04 EET" name="LOADing" finished-at="2021-11-13T23:36:19 EET" duration-ms="14639" status="PASS">
          <reporter-output>
          </reporter-output>
        </test-method> <!-- LOADing -->
        <test-method is-config="true" signature="cloaseBrowser()[pri:0, instance:web.task.thirdTest@55b699ef]" started-at="2021-11-13T23:36:19 EET" name="cloaseBrowser" finished-at="2021-11-13T23:36:20 EET" duration-ms="1195" status="PASS">
          <reporter-output>
          </reporter-output>
        </test-method> <!-- cloaseBrowser -->
      </class> <!-- web.task.thirdTest -->
    </test> <!-- Default test -->
  </suite> <!-- Default suite -->
</testng-results>
